<?xml version="1.0" encoding="UTF-8"?>
<!-- Generated by org.testng.reporters.JUnitXMLReporter -->
<testsuite hostname="DESKTOP-Q20L9L4" name="TestCases" tests="1" failures="0" timestamp="3 Apr 2018 10:35:56 GMT" time="0.094" errors="0">
  <testcase name="@BeforeTest LaunchReport" time="0.0" classname="org.tgf.regression.aim.TestCase_FMIR">
    <failure type="java.lang.NoClassDefFoundError" message="freemarker/template/TemplateModelException">
      <![CDATA[java.lang.NoClassDefFoundError: freemarker/template/TemplateModelException
	at com.relevantcodes.extentreports.ExtentReports.<init>(ExtentReports.java:86)
	at com.relevantcodes.extentreports.ExtentReports.<init>(ExtentReports.java:375)
	at org.tgf.regression.aim.GenericMethods.startReport(GenericMethods.java:373)
	at org.tgf.regression.aim.TestCase_FMIR.LaunchReport(TestCase_FMIR.java:22)
Caused by: java.lang.ClassNotFoundException: freemarker.template.TemplateModelException
	at java.net.URLClassLoader.findClass(Unknown Source)
	at java.lang.ClassLoader.loadClass(Unknown Source)
	at sun.misc.Launcher$AppClassLoader.loadClass(Unknown Source)
	at java.lang.ClassLoader.loadClass(Unknown Source)
	... 26 more
... Removed 22 stack frames]]>
    </failure>
  </testcase> <!-- @BeforeTest LaunchReport -->
  <testcase name="@BeforeClass LaunchBrowser" time="0.0" classname="org.tgf.regression.aim.TestCase_FMIR">
    <skipped/>
  </testcase> <!-- @BeforeClass LaunchBrowser -->
  <testcase name="@AfterClass quitBrowser" time="0.0" classname="org.tgf.regression.aim.TestCase_FMIR">
    <skipped/>
  </testcase> <!-- @AfterClass quitBrowser -->
  <testcase name="@AfterTest reportGeneration" time="0.0" classname="org.tgf.regression.aim.TestCase_FMIR">
    <skipped/>
  </testcase> <!-- @AfterTest reportGeneration -->
  <testcase name="verify_Legend" time="0.0" classname="org.tgf.regression.aim.TestCase_FMIR">
    <skipped/>
  </testcase> <!-- verify_Legend -->
</testsuite> <!-- TestCases -->
