<?xml version="1.0" encoding="UTF-8"?>
<!-- Generated by org.testng.reporters.JUnitXMLReporter -->
<testsuite hostname="DESKTOP-Q20L9L4" name="TestCases" tests="1" failures="1" timestamp="31 Mar 2018 12:27:39 GMT" time="56.002" errors="0">
  <testcase name="verify_FSEditability" time="46.459" classname="org.tgf.regression.aim.TestCase_FMIR">
    <failure type="java.lang.AssertionError" message="expected [true] but found [false]">
      <![CDATA[java.lang.AssertionError: expected [true] but found [false]
	at org.tgf.regression.aim.GenericMethods.verify_FS_Editability(GenericMethods.java:18175)
	at org.tgf.regression.aim.TestCase_FMIR.verify_FSEditability(TestCase_FMIR.java:272)
... Removed 33 stack frames]]>
    </failure>
  </testcase> <!-- verify_FSEditability -->
</testsuite> <!-- TestCases -->
