<?xml version="1.0" encoding="UTF-8"?>
<testng-results skipped="1" failed="0" total="1" passed="0">
  <reporter-output>
  </reporter-output>
  <suite name="Suite" duration-ms="102" started-at="2018-03-31T12:21:49Z" finished-at="2018-03-31T12:21:49Z">
    <groups>
    </groups>
    <test name="TestCases" duration-ms="102" started-at="2018-03-31T12:21:49Z" finished-at="2018-03-31T12:21:49Z">
      <class name="org.tgf.regression.aim.TestCase_FMIR">
        <test-method status="FAIL" signature="LaunchReport()[pri:0, instance:org.tgf.regression.aim.TestCase_FMIR@1ebcd8]" name="LaunchReport" is-config="true" duration-ms="0" started-at="2018-03-31T17:51:49Z" finished-at="2018-03-31T17:51:49Z">
          <exception class="java.lang.NoClassDefFoundError">
            <message>
              <![CDATA[freemarker/template/TemplateModelException]]>
            </message>
            <full-stacktrace>
              <![CDATA[java.lang.NoClassDefFoundError: freemarker/template/TemplateModelException
	at com.relevantcodes.extentreports.ExtentReports.<init>(ExtentReports.java:86)
	at com.relevantcodes.extentreports.ExtentReports.<init>(ExtentReports.java:375)
	at org.tgf.regression.aim.GenericMethods.startReport(GenericMethods.java:373)
	at org.tgf.regression.aim.TestCase_FMIR.LaunchReport(TestCase_FMIR.java:22)
	at sun.reflect.NativeMethodAccessorImpl.invoke0(Native Method)
	at sun.reflect.NativeMethodAccessorImpl.invoke(Unknown Source)
	at sun.reflect.DelegatingMethodAccessorImpl.invoke(Unknown Source)
	at java.lang.reflect.Method.invoke(Unknown Source)
	at org.testng.internal.MethodInvocationHelper.invokeMethod(MethodInvocationHelper.java:100)
	at org.testng.internal.Invoker.invokeConfigurationMethod(Invoker.java:515)
	at org.testng.internal.Invoker.invokeConfigurations(Invoker.java:216)
	at org.testng.internal.Invoker.invokeConfigurations(Invoker.java:143)
	at org.testng.TestRunner.beforeRun(TestRunner.java:631)
	at org.testng.TestRunner.run(TestRunner.java:599)
	at org.testng.SuiteRunner.runTest(SuiteRunner.java:368)
	at org.testng.SuiteRunner.runSequentially(SuiteRunner.java:363)
	at org.testng.SuiteRunner.privateRun(SuiteRunner.java:321)
	at org.testng.SuiteRunner.run(SuiteRunner.java:270)
	at org.testng.SuiteRunnerWorker.runSuite(SuiteRunnerWorker.java:52)
	at org.testng.SuiteRunnerWorker.run(SuiteRunnerWorker.java:86)
	at org.testng.TestNG.runSuitesSequentially(TestNG.java:1284)
	at org.testng.TestNG.runSuitesLocally(TestNG.java:1209)
	at org.testng.TestNG.runSuites(TestNG.java:1124)
	at org.testng.TestNG.run(TestNG.java:1096)
	at org.testng.TestNG.privateMain(TestNG.java:1425)
	at org.testng.TestNG.main(TestNG.java:1394)
Caused by: java.lang.ClassNotFoundException: freemarker.template.TemplateModelException
	at java.net.URLClassLoader.findClass(Unknown Source)
	at java.lang.ClassLoader.loadClass(Unknown Source)
	at sun.misc.Launcher$AppClassLoader.loadClass(Unknown Source)
	at java.lang.ClassLoader.loadClass(Unknown Source)
	... 26 more
]]>
            </full-stacktrace>
          </exception> <!-- java.lang.NoClassDefFoundError -->
          <reporter-output>
          </reporter-output>
        </test-method> <!-- LaunchReport -->
        <test-method status="SKIP" signature="LaunchBrowser()[pri:0, instance:org.tgf.regression.aim.TestCase_FMIR@1ebcd8]" name="LaunchBrowser" is-config="true" duration-ms="0" started-at="2018-03-31T17:51:49Z" finished-at="2018-03-31T17:51:49Z">
          <reporter-output>
          </reporter-output>
        </test-method> <!-- LaunchBrowser -->
        <test-method status="SKIP" signature="verify_FSEditability()[pri:0, instance:org.tgf.regression.aim.TestCase_FMIR@1ebcd8]" name="verify_FSEditability" duration-ms="0" started-at="2018-03-31T17:51:49Z" finished-at="2018-03-31T17:51:49Z">
          <reporter-output>
          </reporter-output>
        </test-method> <!-- verify_FSEditability -->
        <test-method status="SKIP" signature="quitBrowser()[pri:0, instance:org.tgf.regression.aim.TestCase_FMIR@1ebcd8]" name="quitBrowser" is-config="true" duration-ms="0" started-at="2018-03-31T17:51:49Z" finished-at="2018-03-31T17:51:49Z">
          <reporter-output>
          </reporter-output>
        </test-method> <!-- quitBrowser -->
        <test-method status="SKIP" signature="reportGeneration()[pri:0, instance:org.tgf.regression.aim.TestCase_FMIR@1ebcd8]" name="reportGeneration" is-config="true" duration-ms="0" started-at="2018-03-31T17:51:49Z" finished-at="2018-03-31T17:51:49Z">
          <reporter-output>
          </reporter-output>
        </test-method> <!-- reportGeneration -->
      </class> <!-- org.tgf.regression.aim.TestCase_FMIR -->
    </test> <!-- TestCases -->
  </suite> <!-- Suite -->
</testng-results>
